<?xml version="1.0" encoding="UTF-8"?>
<!-- Generated by org.testng.reporters.JUnitXMLReporter -->
<testsuite ignored="0" hostname="LAPTOP-O0MMQ8B3" failures="1" tests="2" name="Test" time="0.05" errors="0" timestamp="2020-07-27T18:31:05 IST">
  <testcase classname="WebPageTesting.Appium" name="Apptest" time="0.008">
    <failure type="java.lang.Error" message="Unresolved compilation problem: 
	dadgsdagSystem cannot be resolved
">
      <![CDATA[java.lang.Error: Unresolved compilation problem: 
dadgsdagSystem cannot be resolved

at WebPageTesting.Appium.Apptest(Appium.java:13)
at java.base/java.util.ArrayList.forEach(ArrayList.java:1511)
... Removed 27 stack frames]]>
    </failure>
  </testcase> <!-- Apptest -->
  <testcase classname="WebPageTesting.AppiumAddTest" name="Appaddtest" time="0.001"/>
</testsuite> <!-- Test -->
