<?xml version="1.0" encoding="UTF-8"?>
<!-- Generated by org.testng.reporters.JUnitXMLReporter -->
<testsuite ignored="0" hostname="LAPTOP-O0MMQ8B3" failures="0" tests="3" name="Command line test" time="0.068" errors="0" timestamp="2020-08-06T13:07:42 IST">
  <testcase classname="WebPageTesting.AppiumAddTest" name="Appaddtest" time="0.005"/>
  <testcase classname="WebPageTesting.RestAPITest" name="Resttest" time="0.001"/>
  <testcase classname="WebPageTesting.SeleniumTest" name="Seltest" time="0.001"/>
</testsuite> <!-- Command line test -->
