<?xml version="1.0" encoding="UTF-8"?>
<testng-results ignored="0" total="3" passed="3" failed="0" skipped="0">
  <reporter-output>
  </reporter-output>
  <suite started-at="2020-08-06T13:07:42 IST" name="Command line suite" finished-at="2020-08-06T13:07:42 IST" duration-ms="68">
    <groups>
    </groups>
    <test started-at="2020-08-06T13:07:42 IST" name="Command line test" finished-at="2020-08-06T13:07:42 IST" duration-ms="68">
      <class name="WebPageTesting.RestAPITest">
        <test-method signature="Resttest()[pri:0, instance:WebPageTesting.RestAPITest@7a36aefa]" started-at="2020-08-06T13:07:42 IST" name="Resttest" finished-at="2020-08-06T13:07:42 IST" duration-ms="1" status="PASS">
          <reporter-output>
          </reporter-output>
        </test-method> <!-- Resttest -->
      </class> <!-- WebPageTesting.RestAPITest -->
      <class name="WebPageTesting.AppiumAddTest">
        <test-method signature="Appaddtest()[pri:0, instance:WebPageTesting.AppiumAddTest@5d11346a]" started-at="2020-08-06T13:07:42 IST" name="Appaddtest" finished-at="2020-08-06T13:07:42 IST" duration-ms="5" status="PASS">
          <reporter-output>
          </reporter-output>
        </test-method> <!-- Appaddtest -->
      </class> <!-- WebPageTesting.AppiumAddTest -->
      <class name="WebPageTesting.SeleniumTest">
        <test-method signature="Seltest()[pri:0, instance:WebPageTesting.SeleniumTest@17211155]" started-at="2020-08-06T13:07:42 IST" name="Seltest" finished-at="2020-08-06T13:07:42 IST" duration-ms="1" status="PASS">
          <reporter-output>
          </reporter-output>
        </test-method> <!-- Seltest -->
      </class> <!-- WebPageTesting.SeleniumTest -->
    </test> <!-- Command line test -->
  </suite> <!-- Command line suite -->
</testng-results>
